# JRE version: Java(TM) SE Runtime Environment (7.0_79-b15) (build 1.7.0_79-b15)
# Java VM: Java HotSpot(TM) 64-Bit Server VM (24.79-b02 mixed mode windows-amd64 compressed oops)
Heap
 PSYoungGen      total 115712K, used 2625K [0x00000000eaa80000, 0x00000000f3000000, 0x0000000100000000)
  eden space 101888K, 1% used [0x00000000eaa80000,0x00000000eac60570,0x00000000f0e00000)
  from space 13824K, 5% used [0x00000000f2280000,0x00000000f2330000,0x00000000f3000000)
  to   space 17408K, 0% used [0x00000000f0e00000,0x00000000f0e00000,0x00000000f1f00000)
 ParOldGen       total 86016K, used 43959K [0x00000000c0000000, 0x00000000c5400000, 0x00000000eaa80000)
  object space 86016K, 51% used [0x00000000c0000000,0x00000000c2aeddb0,0x00000000c5400000)
 PSPermGen       total 86016K, used 64888K [0x00000000b0000000, 0x00000000b5400000, 0x00000000c0000000)
  object space 86016K, 75% used [0x00000000b0000000,0x00000000b3f5e1b0,0x00000000b5400000)
GC Heap History (10 events):
Event: 3947.467 GC heap before
{Heap before GC invocations=41 (full 9):
 PSYoungGen      total 130048K, used 129814K [0x00000000eaa80000, 0x00000000f4480000, 0x0000000100000000)
  eden space 122880K, 100% used [0x00000000eaa80000,0x00000000f2280000,0x00000000f2280000)
  from space 7168K, 96% used [0x00000000f2700000,0x00000000f2dc5a60,0x00000000f2e00000)
  to   space 17408K, 0% used [0x00000000f3380000,0x00000000f3380000,0x00000000f4480000)
 ParOldGen       total 86016K, used 27241K [0x00000000c0000000, 0x00000000c5400000, 0x00000000eaa80000)
  object space 86016K, 31% used [0x00000000c0000000,0x00000000c1a9a748,0x00000000c5400000)
 PSPermGen       total 86016K, used 55523K [0x00000000b0000000, 0x00000000b5400000, 0x00000000c0000000)
  object space 86016K, 64% used [0x00000000b0000000,0x00000000b3638cf0,0x00000000b5400000)
Event: 3947.475 GC heap after
Heap after GC invocations=41 (full 9):
 PSYoungGen      total 130048K, used 7596K [0x00000000eaa80000, 0x00000000f3f00000, 0x0000000100000000)
  eden space 118272K, 0% used [0x00000000eaa80000,0x00000000eaa80000,0x00000000f1e00000)
  from space 11776K, 64% used [0x00000000f3380000,0x00000000f3aeb010,0x00000000f3f00000)
  to   space 16896K, 0% used [0x00000000f1e00000,0x00000000f1e00000,0x00000000f2e80000)
 ParOldGen       total 86016K, used 31993K [0x00000000c0000000, 0x00000000c5400000, 0x00000000eaa80000)
  object space 86016K, 37% used [0x00000000c0000000,0x00000000c1f3e520,0x00000000c5400000)
 PSPermGen       total 86016K, used 55523K [0x00000000b0000000, 0x00000000b5400000, 0x00000000c0000000)
  object space 86016K, 64% used [0x00000000b0000000,0x00000000b3638cf0,0x00000000b5400000)
}
Event: 3958.602 GC heap before
{Heap before GC invocations=42 (full 9):
 PSYoungGen      total 130048K, used 125868K [0x00000000eaa80000, 0x00000000f3f00000, 0x0000000100000000)
  eden space 118272K, 100% used [0x00000000eaa80000,0x00000000f1e00000,0x00000000f1e00000)
  from space 11776K, 64% used [0x00000000f3380000,0x00000000f3aeb010,0x00000000f3f00000)
  to   space 16896K, 0% used [0x00000000f1e00000,0x00000000f1e00000,0x00000000f2e80000)
 ParOldGen       total 86016K, used 31993K [0x00000000c0000000, 0x00000000c5400000, 0x00000000eaa80000)
  object space 86016K, 37% used [0x00000000c0000000,0x00000000c1f3e520,0x00000000c5400000)
 PSPermGen       total 86016K, used 55540K [0x00000000b0000000, 0x00000000b5400000, 0x00000000c0000000)
  object space 86016K, 64% used [0x00000000b0000000,0x00000000b363d308,0x00000000b5400000)
Event: 3958.608 GC heap after
Heap after GC invocations=42 (full 9):
 PSYoungGen      total 116224K, used 2368K [0x00000000eaa80000, 0x00000000f3980000, 0x0000000100000000)
  eden space 113664K, 0% used [0x00000000eaa80000,0x00000000eaa80000,0x00000000f1980000)
  from space 2560K, 92% used [0x00000000f1e00000,0x00000000f2050000,0x00000000f2080000)
  to   space 16384K, 0% used [0x00000000f2980000,0x00000000f2980000,0x00000000f3980000)
 ParOldGen       total 86016K, used 32309K [0x00000000c0000000, 0x00000000c5400000, 0x00000000eaa80000)
  object space 86016K, 37% used [0x00000000c0000000,0x00000000c1f8d5b0,0x00000000c5400000)
 PSPermGen       total 86016K, used 55540K [0x00000000b0000000, 0x00000000b5400000, 0x00000000c0000000)
  object space 86016K, 64% used [0x00000000b0000000,0x00000000b363d308,0x00000000b5400000)
}
Event: 3960.507 GC heap before
{Heap before GC invocations=43 (full 9):
 PSYoungGen      total 116224K, used 116032K [0x00000000eaa80000, 0x00000000f3980000, 0x0000000100000000)
  eden space 113664K, 100% used [0x00000000eaa80000,0x00000000f1980000,0x00000000f1980000)
  from space 2560K, 92% used [0x00000000f1e00000,0x00000000f2050000,0x00000000f2080000)
  to   space 16384K, 0% used [0x00000000f2980000,0x00000000f2980000,0x00000000f3980000)
 ParOldGen       total 86016K, used 32309K [0x00000000c0000000, 0x00000000c5400000, 0x00000000eaa80000)
  object space 86016K, 37% used [0x00000000c0000000,0x00000000c1f8d5b0,0x00000000c5400000)
 PSPermGen       total 86016K, used 60838K [0x00000000b0000000, 0x00000000b5400000, 0x00000000c0000000)
  object space 86016K, 70% used [0x00000000b0000000,0x00000000b3b69b58,0x00000000b5400000)
Event: 3960.515 GC heap after
Heap after GC invocations=43 (full 9):
 PSYoungGen      total 125952K, used 13617K [0x00000000eaa80000, 0x00000000f3980000, 0x0000000100000000)
  eden space 109568K, 0% used [0x00000000eaa80000,0x00000000eaa80000,0x00000000f1580000)
  from space 16384K, 83% used [0x00000000f2980000,0x00000000f36cc760,0x00000000f3980000)
  to   space 18432K, 0% used [0x00000000f1580000,0x00000000f1580000,0x00000000f2780000)
 ParOldGen       total 86016K, used 33121K [0x00000000c0000000, 0x00000000c5400000, 0x00000000eaa80000)
  object space 86016K, 38% used [0x00000000c0000000,0x00000000c20585e0,0x00000000c5400000)
 PSPermGen       total 86016K, used 60838K [0x00000000b0000000, 0x00000000b5400000, 0x00000000c0000000)
  object space 86016K, 70% used [0x00000000b0000000,0x00000000b3b69b58,0x00000000b5400000)
}
Event: 3962.480 GC heap before
{Heap before GC invocations=44 (full 9):
 PSYoungGen      total 125952K, used 123185K [0x00000000eaa80000, 0x00000000f3980000, 0x0000000100000000)
  eden space 109568K, 100% used [0x00000000eaa80000,0x00000000f1580000,0x00000000f1580000)
  from space 16384K, 83% used [0x00000000f2980000,0x00000000f36cc760,0x00000000f3980000)
  to   space 18432K, 0% used [0x00000000f1580000,0x00000000f1580000,0x00000000f2780000)
 ParOldGen       total 86016K, used 33121K [0x00000000c0000000, 0x00000000c5400000, 0x00000000eaa80000)
  object space 86016K, 38% used [0x00000000c0000000,0x00000000c20585e0,0x00000000c5400000)
 PSPermGen       total 86016K, used 64765K [0x00000000b0000000, 0x00000000b5400000, 0x00000000c0000000)
  object space 86016K, 75% used [0x00000000b0000000,0x00000000b3f3f680,0x00000000b5400000)
Event: 3962.508 GC heap after
Heap after GC invocations=44 (full 9):
 PSYoungGen      total 113152K, used 7223K [0x00000000eaa80000, 0x00000000f3380000, 0x0000000100000000)
  eden space 105472K, 0% used [0x00000000eaa80000,0x00000000eaa80000,0x00000000f1180000)
  from space 7680K, 94% used [0x00000000f1580000,0x00000000f1c8dd98,0x00000000f1d00000)
  to   space 17408K, 0% used [0x00000000f2280000,0x00000000f2280000,0x00000000f3380000)
 ParOldGen       total 86016K, used 40843K [0x00000000c0000000, 0x00000000c5400000, 0x00000000eaa80000)
  object space 86016K, 47% used [0x00000000c0000000,0x00000000c27e2fd0,0x00000000c5400000)
 PSPermGen       total 86016K, used 64765K [0x00000000b0000000, 0x00000000b5400000, 0x00000000c0000000)
  object space 86016K, 75% used [0x00000000b0000000,0x00000000b3f3f680,0x00000000b5400000)
}
Event: 3963.553 GC heap before
{Heap before GC invocations=45 (full 9):
 PSYoungGen      total 113152K, used 112695K [0x00000000eaa80000, 0x00000000f3380000, 0x0000000100000000)
  eden space 105472K, 100% used [0x00000000eaa80000,0x00000000f1180000,0x00000000f1180000)
  from space 7680K, 94% used [0x00000000f1580000,0x00000000f1c8dd98,0x00000000f1d00000)
  to   space 17408K, 0% used [0x00000000f2280000,0x00000000f2280000,0x00000000f3380000)
 ParOldGen       total 86016K, used 40843K [0x00000000c0000000, 0x00000000c5400000, 0x00000000eaa80000)
  object space 86016K, 47% used [0x00000000c0000000,0x00000000c27e2fd0,0x00000000c5400000)
 PSPermGen       total 86016K, used 64888K [0x00000000b0000000, 0x00000000b5400000, 0x00000000c0000000)
  object space 86016K, 75% used [0x00000000b0000000,0x00000000b3f5e1b0,0x00000000b5400000)
Event: 3963.559 GC heap after
Heap after GC invocations=45 (full 9):
 PSYoungGen      total 115712K, used 704K [0x00000000eaa80000, 0x00000000f3000000, 0x0000000100000000)
  eden space 101888K, 0% used [0x00000000eaa80000,0x00000000eaa80000,0x00000000f0e00000)
  from space 13824K, 5% used [0x00000000f2280000,0x00000000f2330000,0x00000000f3000000)
  to   space 17408K, 0% used [0x00000000f0e00000,0x00000000f0e00000,0x00000000f1f00000)
 ParOldGen       total 86016K, used 43959K [0x00000000c0000000, 0x00000000c5400000, 0x00000000eaa80000)
  object space 86016K, 51% used [0x00000000c0000000,0x00000000c2aeddb0,0x00000000c5400000)
 PSPermGen       total 86016K, used 64888K [0x00000000b0000000, 0x00000000b5400000, 0x00000000c0000000)
  object space 86016K, 75% used [0x00000000b0000000,0x00000000b3f5e1b0,0x00000000b5400000)
}

